<?xml version="1.0" encoding="UTF-8"?>
<!-- Generated by org.testng.reporters.JUnitXMLReporter -->
<testsuite hostname="DESKTOP-1KSBJRO" ignored="2" name="test" tests="4" failures="0" timestamp="31 May 2018 06:37:35 GMT" time="0.075" errors="0">
  <testcase name="btest" time="0.02" classname="com.AutomationTestNg.Facebook"/>
  <testcase name="dtest" time="0.0" classname="com.AutomationTestNg.Flipkart"/>
  <testcase name="gtest" time="0.004" classname="com.AutomationTestNg.Flipkart"/>
  <testcase name="mtest" time="0.0" classname="com.AutomationTestNg.Flipkart"/>
  <testcase name="atest" time="0.0" classname="com.AutomationTestNg.Facebook">
    <ignored/>
  </testcase> <!-- atest -->
  <testcase name="ctest" time="0.0" classname="com.AutomationTestNg.Facebook">
    <ignored/>
  </testcase> <!-- ctest -->
</testsuite> <!-- test -->
