<?xml version="1.0" encoding="UTF-8"?>
<!-- Generated by org.testng.reporters.JUnitXMLReporter -->
<testsuite hostname="DESKTOP-1KSBJRO" ignored="0" name="Test" tests="5" failures="0" timestamp="31 May 2018 05:29:24 GMT" time="0.079" errors="0">
  <testcase name="amezon" time="0.001" classname="com.seleniumTestNg.Amazon"/>
  <testcase name="fbtest" time="0.0" classname="com.AutomationTestNg.Facebook"/>
  <testcase name="sPject" time="0.016" classname="com.seleniumTestNg.Spicejet"/>
  <testcase name="test" time="0.0" classname="com.AutomationTestNg.Flipkart"/>
  <testcase name="abc" time="0.0" classname="com.AutomationTestNg.Gmail"/>
</testsuite> <!-- Test -->
