<?xml version="1.0" encoding="UTF-8"?>
<testng-results skipped="0" failed="0" ignored="0" total="3" passed="3">
  <reporter-output>
  </reporter-output>
  <suite name="Default suite" duration-ms="90" started-at="2018-06-02T08:50:31Z" finished-at="2018-06-02T08:50:31Z">
    <groups>
    </groups>
    <test name="Default test" duration-ms="90" started-at="2018-06-02T08:50:31Z" finished-at="2018-06-02T08:50:31Z">
      <class name="com.testng.DependsOnmethod">
        <test-method status="PASS" signature="dmain()[pri:0, instance:com.testng.DependsOnmethod@39aeed2f]" name="dmain" is-config="true" duration-ms="28" started-at="2018-06-02T08:50:31Z" finished-at="2018-06-02T08:50:31Z">
          <reporter-output>
          </reporter-output>
        </test-method> <!-- dmain -->
        <test-method status="PASS" signature="bmain()[pri:0, instance:com.testng.DependsOnmethod@39aeed2f]" name="bmain" duration-ms="8" started-at="2018-06-02T08:50:31Z" finished-at="2018-06-02T08:50:31Z">
          <reporter-output>
          </reporter-output>
        </test-method> <!-- bmain -->
        <test-method status="PASS" signature="gmain()[pri:0, instance:com.testng.DependsOnmethod@39aeed2f]" name="gmain" duration-ms="4" started-at="2018-06-02T08:50:31Z" finished-at="2018-06-02T08:50:31Z">
          <reporter-output>
          </reporter-output>
        </test-method> <!-- gmain -->
        <test-method status="PASS" signature="amain()[pri:0, instance:com.testng.DependsOnmethod@39aeed2f]" name="amain" duration-ms="4" started-at="2018-06-02T08:50:31Z" depends-on-methods="com.testng.DependsOnmethod.bmain" finished-at="2018-06-02T08:50:31Z">
          <reporter-output>
          </reporter-output>
        </test-method> <!-- amain -->
        <test-method status="PASS" signature="cmain()[pri:0, instance:com.testng.DependsOnmethod@39aeed2f]" name="cmain" is-config="true" duration-ms="0" started-at="2018-06-02T08:50:31Z" finished-at="2018-06-02T08:50:31Z">
          <reporter-output>
          </reporter-output>
        </test-method> <!-- cmain -->
      </class> <!-- com.testng.DependsOnmethod -->
    </test> <!-- Default test -->
  </suite> <!-- Default suite -->
</testng-results>
